<?xml version="1.0" encoding="UTF-8"?>
<!-- Generated by org.testng.reporters.JUnitXMLReporter -->
<testsuite hostname="ISILLT10372" name="Write new post" tests="6" failures="0" timestamp="21 Jun 2019 13:08:24 GMT" time="0.073" errors="0">
  <testcase name="test1" time="0.012" classname="test.NewTest"/>
  <testcase name="test2" time="0.002" classname="test.NewTest"/>
  <testcase name="test3" time="0.003" classname="test.NewTest"/>
  <testcase name="test4" time="0.002" classname="test.NewTest"/>
  <testcase name="test5" time="0.002" classname="test.NewTest"/>
  <testcase name="test6" time="0.003" classname="test.NewTest"/>
</testsuite> <!-- Write new post -->
