<?xml version="1.0" encoding="UTF-8"?>
<testng-results skipped="0" failed="0" total="6" passed="6">
  <reporter-output>
  </reporter-output>
  <suite name="Testing Jenkins" duration-ms="70" started-at="2019-06-21T13:09:10Z" finished-at="2019-06-21T13:09:10Z">
    <groups>
    </groups>
    <test name="Jenkins" duration-ms="70" started-at="2019-06-21T13:09:10Z" finished-at="2019-06-21T13:09:10Z">
      <class name="test.NewTest">
        <test-method status="PASS" signature="test1()[pri:0, instance:test.NewTest@66d2e7d9]" name="test1" duration-ms="13" started-at="2019-06-21T18:39:10Z" finished-at="2019-06-21T18:39:10Z">
          <reporter-output>
          </reporter-output>
        </test-method> <!-- test1 -->
        <test-method status="PASS" signature="test2()[pri:0, instance:test.NewTest@66d2e7d9]" name="test2" duration-ms="2" started-at="2019-06-21T18:39:10Z" finished-at="2019-06-21T18:39:10Z">
          <reporter-output>
          </reporter-output>
        </test-method> <!-- test2 -->
        <test-method status="PASS" signature="test3()[pri:0, instance:test.NewTest@66d2e7d9]" name="test3" duration-ms="5" started-at="2019-06-21T18:39:10Z" finished-at="2019-06-21T18:39:10Z">
          <reporter-output>
          </reporter-output>
        </test-method> <!-- test3 -->
        <test-method status="PASS" signature="test4()[pri:0, instance:test.NewTest@66d2e7d9]" name="test4" duration-ms="2" started-at="2019-06-21T18:39:10Z" finished-at="2019-06-21T18:39:10Z">
          <reporter-output>
          </reporter-output>
        </test-method> <!-- test4 -->
        <test-method status="PASS" signature="test5()[pri:0, instance:test.NewTest@66d2e7d9]" name="test5" duration-ms="2" started-at="2019-06-21T18:39:10Z" finished-at="2019-06-21T18:39:10Z">
          <reporter-output>
          </reporter-output>
        </test-method> <!-- test5 -->
        <test-method status="PASS" signature="test6()[pri:0, instance:test.NewTest@66d2e7d9]" name="test6" duration-ms="3" started-at="2019-06-21T18:39:10Z" finished-at="2019-06-21T18:39:10Z">
          <reporter-output>
          </reporter-output>
        </test-method> <!-- test6 -->
      </class> <!-- test.NewTest -->
    </test> <!-- Jenkins -->
  </suite> <!-- Testing Jenkins -->
</testng-results>
